<?xml version="1.0" encoding="UTF-8"?>
<testng-results ignored="0" total="1" passed="1" failed="0" skipped="0">
  <reporter-output>
  </reporter-output>
  <suite started-at="2020-09-01T23:27:45 BST" name="Default suite" finished-at="2020-09-01T23:28:04 BST" duration-ms="19778">
    <groups>
    </groups>
    <test started-at="2020-09-01T23:27:45 BST" name="Default test" finished-at="2020-09-01T23:28:04 BST" duration-ms="19778">
      <class name="com.testpages.HomePageTest">
        <test-method is-config="true" signature="initializeDriver()[pri:0, instance:com.testpages.HomePageTest@4445629]" started-at="2020-09-01T23:27:45 BST" name="initializeDriver" finished-at="2020-09-01T23:27:57 BST" duration-ms="12670" status="PASS">
          <reporter-output>
          </reporter-output>
        </test-method> <!-- initializeDriver -->
        <test-method signature="homePageLuanch()[pri:0, instance:com.testpages.HomePageTest@4445629]" started-at="2020-09-01T23:27:57 BST" name="homePageLuanch" finished-at="2020-09-01T23:28:04 BST" duration-ms="6358" status="PASS">
          <reporter-output>
          </reporter-output>
        </test-method> <!-- homePageLuanch -->
        <test-method is-config="true" signature="tearDwon()[pri:0, instance:com.testpages.HomePageTest@4445629]" started-at="2020-09-01T23:28:04 BST" name="tearDwon" finished-at="2020-09-01T23:28:04 BST" duration-ms="698" status="PASS">
          <reporter-output>
          </reporter-output>
        </test-method> <!-- tearDwon -->
      </class> <!-- com.testpages.HomePageTest -->
    </test> <!-- Default test -->
  </suite> <!-- Default suite -->
</testng-results>
